[2024-10-29 13:01:00,613] INFO [mssql-source-config-json|task-0] 2 records sent during previous 00:01:59.437, last recorded offset of {server=mssql-source-topic, database=TRYIT} partition is {transaction_id=null, event_serial_no=1, commit_lsn=0000004e:0001a844:0003, change_lsn=0000004e:0001a844:0002} (io.debezium.connector.common.BaseSourceTask:216)
[2024-10-29 13:01:00,625] INFO [mssql-source-config-json|task-0|offsets] WorkerSourceTask{id=mssql-source-config-json-0} Committing offsets for 0 acknowledged messages (org.apache.kafka.connect.runtime.WorkerSourceTask:235)
[2024-10-29 13:01:01,127] INFO [mssql-source-config-json|task-0|offsets] WorkerSourceTask{id=mssql-source-config-json-0} Committing offsets for 1 acknowledged messages (org.apache.kafka.connect.runtime.WorkerSourceTask:235)
[2024-10-29 13:01:53,679] INFO Kafka Connect stopping (org.apache.kafka.connect.runtime.Connect:67)
[2024-10-29 13:01:53,679] INFO Stopping REST server (org.apache.kafka.connect.runtime.rest.RestServer:354)
[2024-10-29 13:01:53,687] INFO Stopped http_8083@1ebb3621{HTTP/1.1, (http/1.1)}{0.0.0.0:8083} (org.eclipse.jetty.server.AbstractConnector:383)
[2024-10-29 13:01:53,687] INFO node0 Stopped scavenging (org.eclipse.jetty.server.session:149)
[2024-10-29 13:01:53,688] INFO Stopped o.e.j.s.ServletContextHandler@3dfef25d{/,null,STOPPED} (org.eclipse.jetty.server.handler.ContextHandler:1159)
[2024-10-29 13:01:53,690] INFO REST server stopped (org.apache.kafka.connect.runtime.rest.RestServer:383)
[2024-10-29 13:01:53,690] INFO Herder stopping (org.apache.kafka.connect.runtime.standalone.StandaloneHerder:116)
[2024-10-29 13:01:53,691] INFO [mssql-source-config-json|task-0] Stopping task mssql-source-config-json-0 (org.apache.kafka.connect.runtime.Worker:1047)
[2024-10-29 13:01:53,762] INFO [mssql-source-config-json|task-0] Stopping down connector (io.debezium.connector.common.BaseSourceTask:299)
[2024-10-29 13:01:54,178] INFO [mssql-source-config-json|task-0] Finished streaming (io.debezium.connector.sqlserver.SqlServerChangeEventSourceCoordinator:136)
[2024-10-29 13:01:54,179] INFO [mssql-source-config-json|task-0] Connected metrics set to 'false' (io.debezium.pipeline.ChangeEventSourceCoordinator:424)
[2024-10-29 13:01:54,179] INFO [mssql-source-config-json|task-0] SignalProcessor stopped (io.debezium.pipeline.signal.SignalProcessor:127)
[2024-10-29 13:01:54,179] INFO [mssql-source-config-json|task-0] Debezium ServiceRegistry stopped. (io.debezium.service.DefaultServiceRegistry:105)
[2024-10-29 13:01:54,181] INFO [mssql-source-config-json|task-0] Connection gracefully closed (io.debezium.jdbc.JdbcConnection:949)
[2024-10-29 13:01:54,181] INFO [mssql-source-config-json|task-0] Connection gracefully closed (io.debezium.jdbc.JdbcConnection:949)
[2024-10-29 13:01:54,182] INFO [mssql-source-config-json|task-0] [Producer clientId=mssql-source-topic-schemahistory] Closing the Kafka producer with timeoutMillis = 30000 ms. (org.apache.kafka.clients.producer.KafkaProducer:1373)
[2024-10-29 13:01:54,185] INFO [mssql-source-config-json|task-0] Metrics scheduler closed (org.apache.kafka.common.metrics.Metrics:684)
[2024-10-29 13:01:54,187] INFO [mssql-source-config-json|task-0] Closing reporter org.apache.kafka.common.metrics.JmxReporter (org.apache.kafka.common.metrics.Metrics:688)
[2024-10-29 13:01:54,187] INFO [mssql-source-config-json|task-0] Closing reporter org.apache.kafka.common.telemetry.internals.ClientTelemetryReporter (org.apache.kafka.common.metrics.Metrics:688)
[2024-10-29 13:01:54,187] INFO [mssql-source-config-json|task-0] Metrics reporters closed (org.apache.kafka.common.metrics.Metrics:694)
[2024-10-29 13:01:54,187] INFO [mssql-source-config-json|task-0] App info kafka.producer for mssql-source-topic-schemahistory unregistered (org.apache.kafka.common.utils.AppInfoParser:88)
[2024-10-29 13:01:54,188] INFO [mssql-source-config-json|task-0] [Producer clientId=connector-producer-mssql-source-config-json-0] Closing the Kafka producer with timeoutMillis = 30000 ms. (org.apache.kafka.clients.producer.KafkaProducer:1373)
[2024-10-29 13:01:54,192] INFO [mssql-source-config-json|task-0] Metrics scheduler closed (org.apache.kafka.common.metrics.Metrics:684)
[2024-10-29 13:01:54,193] INFO [mssql-source-config-json|task-0] Closing reporter org.apache.kafka.common.metrics.JmxReporter (org.apache.kafka.common.metrics.Metrics:688)
[2024-10-29 13:01:54,194] INFO [mssql-source-config-json|task-0] Closing reporter org.apache.kafka.common.telemetry.internals.ClientTelemetryReporter (org.apache.kafka.common.metrics.Metrics:688)
[2024-10-29 13:01:54,194] INFO [mssql-source-config-json|task-0] Metrics reporters closed (org.apache.kafka.common.metrics.Metrics:694)
[2024-10-29 13:01:54,194] INFO [mssql-source-config-json|task-0] App info kafka.producer for connector-producer-mssql-source-config-json-0 unregistered (org.apache.kafka.common.utils.AppInfoParser:88)
[2024-10-29 13:01:54,198] INFO [mssql-source-config-json|worker] Stopping connector mssql-source-config-json (org.apache.kafka.connect.runtime.Worker:451)
[2024-10-29 13:01:54,198] INFO [mssql-source-config-json|worker] Scheduled shutdown for WorkerConnector{id=mssql-source-config-json} (org.apache.kafka.connect.runtime.WorkerConnector:294)
[2024-10-29 13:01:54,198] INFO [mssql-source-config-json|worker] Completed shutdown for WorkerConnector{id=mssql-source-config-json} (org.apache.kafka.connect.runtime.WorkerConnector:314)
[2024-10-29 13:01:54,198] INFO Worker stopping (org.apache.kafka.connect.runtime.Worker:249)
[2024-10-29 13:01:54,199] INFO Stopped FileOffsetBackingStore (org.apache.kafka.connect.storage.FileOffsetBackingStore:71)
[2024-10-29 13:01:54,199] INFO Metrics scheduler closed (org.apache.kafka.common.metrics.Metrics:684)
[2024-10-29 13:01:54,199] INFO Closing reporter org.apache.kafka.common.metrics.JmxReporter (org.apache.kafka.common.metrics.Metrics:688)
[2024-10-29 13:01:54,200] INFO Metrics reporters closed (org.apache.kafka.common.metrics.Metrics:694)
[2024-10-29 13:01:54,200] INFO App info kafka.connect for 10.10.13.34:8083 unregistered (org.apache.kafka.common.utils.AppInfoParser:88)
[2024-10-29 13:01:54,200] INFO Worker stopped (org.apache.kafka.connect.runtime.Worker:270)
[2024-10-29 13:01:54,201] INFO Herder stopped (org.apache.kafka.connect.runtime.standalone.StandaloneHerder:127)
[2024-10-29 13:01:54,201] INFO Kafka Connect stopped (org.apache.kafka.connect.runtime.Connect:72)
