[2024-09-02 19:55:43,927] INFO [ControllerEventThread controllerId=0] Starting (kafka.controller.ControllerEventManager$ControllerEventThread)
[2024-09-02 19:55:43,947] INFO [Controller id=0] 0 successfully elected as the controller. Epoch incremented to 1 and epoch zk version is now 1 (kafka.controller.KafkaController)
[2024-09-02 19:55:43,951] INFO [Controller id=0] Creating FeatureZNode at path: /feature with contents: FeatureZNode(2,Enabled,Map()) (kafka.controller.KafkaController)
[2024-09-02 19:55:43,986] INFO [Controller id=0] Registering handlers (kafka.controller.KafkaController)
[2024-09-02 19:55:43,990] INFO [Controller id=0] Deleting log dir event notifications (kafka.controller.KafkaController)
[2024-09-02 19:55:43,993] INFO [Controller id=0] Deleting isr change notifications (kafka.controller.KafkaController)
[2024-09-02 19:55:43,995] INFO [Controller id=0] Initializing controller context (kafka.controller.KafkaController)
[2024-09-02 19:55:44,009] INFO [Controller id=0] Initialized broker epochs cache: HashMap(0 -> 25) (kafka.controller.KafkaController)
[2024-09-02 19:55:44,014] DEBUG [Controller id=0] Register BrokerModifications handler for Set(0) (kafka.controller.KafkaController)
[2024-09-02 19:55:44,020] DEBUG [Channel manager on controller 0]: Controller 0 trying to connect to broker 0 (kafka.controller.ControllerChannelManager)
[2024-09-02 19:55:44,028] INFO [RequestSendThread controllerId=0] Starting (kafka.controller.RequestSendThread)
[2024-09-02 19:55:44,030] INFO [Controller id=0] Currently active brokers in the cluster: Set(0) (kafka.controller.KafkaController)
[2024-09-02 19:55:44,030] INFO [Controller id=0] Currently shutting brokers in the cluster: HashSet() (kafka.controller.KafkaController)
[2024-09-02 19:55:44,031] INFO [Controller id=0] Current list of topics in the cluster: HashSet() (kafka.controller.KafkaController)
[2024-09-02 19:55:44,031] INFO [Controller id=0] Fetching topic deletions in progress (kafka.controller.KafkaController)
[2024-09-02 19:55:44,036] INFO [Controller id=0] List of topics to be deleted:  (kafka.controller.KafkaController)
[2024-09-02 19:55:44,036] INFO [Controller id=0] List of topics ineligible for deletion:  (kafka.controller.KafkaController)
[2024-09-02 19:55:44,036] INFO [Controller id=0] Initializing topic deletion manager (kafka.controller.KafkaController)
[2024-09-02 19:55:44,038] INFO [Topic Deletion Manager 0] Initializing manager with initial deletions: Set(), initial ineligible deletions: HashSet() (kafka.controller.TopicDeletionManager)
[2024-09-02 19:55:44,039] INFO [Controller id=0] Sending update metadata request (kafka.controller.KafkaController)
[2024-09-02 19:55:44,052] INFO [ReplicaStateMachine controllerId=0] Initializing replica state (kafka.controller.ZkReplicaStateMachine)
[2024-09-02 19:55:44,053] INFO [ReplicaStateMachine controllerId=0] Triggering online replica state changes (kafka.controller.ZkReplicaStateMachine)
[2024-09-02 19:55:44,058] INFO [ReplicaStateMachine controllerId=0] Triggering offline replica state changes (kafka.controller.ZkReplicaStateMachine)
[2024-09-02 19:55:44,058] DEBUG [ReplicaStateMachine controllerId=0] Started replica state machine with initial state -> HashMap() (kafka.controller.ZkReplicaStateMachine)
[2024-09-02 19:55:44,059] INFO [PartitionStateMachine controllerId=0] Initializing partition state (kafka.controller.ZkPartitionStateMachine)
[2024-09-02 19:55:44,059] INFO [PartitionStateMachine controllerId=0] Triggering online partition state changes (kafka.controller.ZkPartitionStateMachine)
[2024-09-02 19:55:44,063] DEBUG [PartitionStateMachine controllerId=0] Started partition state machine with initial state -> HashMap() (kafka.controller.ZkPartitionStateMachine)
[2024-09-02 19:55:44,064] INFO [Controller id=0] Ready to serve as the new controller with epoch 1 (kafka.controller.KafkaController)
[2024-09-02 19:55:44,069] INFO [Controller id=0] Partitions undergoing preferred replica election:  (kafka.controller.KafkaController)
[2024-09-02 19:55:44,070] INFO [Controller id=0] Partitions that completed preferred replica election:  (kafka.controller.KafkaController)
[2024-09-02 19:55:44,070] INFO [Controller id=0] Skipping preferred replica election for partitions due to topic deletion:  (kafka.controller.KafkaController)
[2024-09-02 19:55:44,071] INFO [Controller id=0] Resuming preferred replica election for partitions:  (kafka.controller.KafkaController)
[2024-09-02 19:55:44,073] INFO [Controller id=0] Starting replica leader election (PREFERRED) for partitions  triggered by ZkTriggered (kafka.controller.KafkaController)
[2024-09-02 19:55:44,085] INFO [Controller id=0] Starting the controller scheduler (kafka.controller.KafkaController)
[2024-09-02 19:55:44,563] INFO [RequestSendThread controllerId=0] Controller 0 connected to AASPL176.alignedautomation.com:9092 (id: 0 rack: null) for sending state change requests (kafka.controller.RequestSendThread)
[2024-09-02 19:55:49,088] INFO [Controller id=0] Processing automatic preferred replica leader election (kafka.controller.KafkaController)
[2024-09-02 19:55:49,089] TRACE [Controller id=0] Checking need to trigger auto leader balancing (kafka.controller.KafkaController)
[2024-09-02 19:57:09,150] INFO [Controller id=0] New topics: [Set(test-topic)], deleted topics: [HashSet()], new partition replica assignment [Set(TopicIdReplicaAssignment(test-topic,Some(t6GcBSxMSpiFZJa-VEBRYg),Map(test-topic-0 -> ReplicaAssignment(replicas=0, addingReplicas=, removingReplicas=))))] (kafka.controller.KafkaController)
[2024-09-02 19:57:09,151] INFO [Controller id=0] New partition creation callback for test-topic-0 (kafka.controller.KafkaController)
[2024-09-02 19:59:17,307] DEBUG [Controller id=0] There is no producerId block yet (Zk path version 0), creating the first block (kafka.controller.KafkaController)
[2024-09-02 19:59:17,312] INFO [Controller id=0] Acquired new producerId block ProducerIdsBlock(assignedBrokerId=0, firstProducerId=0, size=1000) by writing to Zk with path version 1 (kafka.controller.KafkaController)
[2024-09-02 19:59:37,595] INFO [Controller id=0] New topics: [Set(__consumer_offsets)], deleted topics: [HashSet()], new partition replica assignment [Set(TopicIdReplicaAssignment(__consumer_offsets,Some(dXKtqSXUQ26MKk2UozpO4Q),HashMap(__consumer_offsets-22 -> ReplicaAssignment(replicas=0, addingReplicas=, removingReplicas=), __consumer_offsets-30 -> ReplicaAssignment(replicas=0, addingReplicas=, removingReplicas=), __consumer_offsets-25 -> ReplicaAssignment(replicas=0, addingReplicas=, removingReplicas=), __consumer_offsets-35 -> ReplicaAssignment(replicas=0, addingReplicas=, removingReplicas=), __consumer_offsets-37 -> ReplicaAssignment(replicas=0, addingReplicas=, removingReplicas=), __consumer_offsets-38 -> ReplicaAssignment(replicas=0, addingReplicas=, removingReplicas=), __consumer_offsets-13 -> ReplicaAssignment(replicas=0, addingReplicas=, removingReplicas=), __consumer_offsets-8 -> ReplicaAssignment(replicas=0, addingReplicas=, removingReplicas=), __consumer_offsets-21 -> ReplicaAssignment(replicas=0, addingReplicas=, removingReplicas=), __consumer_offsets-4 -> ReplicaAssignment(replicas=0, addingReplicas=, removingReplicas=), __consumer_offsets-27 -> ReplicaAssignment(replicas=0, addingReplicas=, removingReplicas=), __consumer_offsets-7 -> ReplicaAssignment(replicas=0, addingReplicas=, removingReplicas=), __consumer_offsets-9 -> ReplicaAssignment(replicas=0, addingReplicas=, removingReplicas=), __consumer_offsets-46 -> ReplicaAssignment(replicas=0, addingReplicas=, removingReplicas=), __consumer_offsets-41 -> ReplicaAssignment(replicas=0, addingReplicas=, removingReplicas=), __consumer_offsets-33 -> ReplicaAssignment(replicas=0, addingReplicas=, removingReplicas=), __consumer_offsets-23 -> ReplicaAssignment(replicas=0, addingReplicas=, removingReplicas=), __consumer_offsets-49 -> ReplicaAssignment(replicas=0, addingReplicas=, removingReplicas=), __consumer_offsets-47 -> ReplicaAssignment(replicas=0, addingReplicas=, removingReplicas=), __consumer_offsets-16 -> ReplicaAssignment(replicas=0, addingReplicas=, removingReplicas=), __consumer_offsets-28 -> ReplicaAssignment(replicas=0, addingReplicas=, removingReplicas=), __consumer_offsets-31 -> ReplicaAssignment(replicas=0, addingReplicas=, removingReplicas=), __consumer_offsets-36 -> ReplicaAssignment(replicas=0, addingReplicas=, removingReplicas=), __consumer_offsets-42 -> ReplicaAssignment(replicas=0, addingReplicas=, removingReplicas=), __consumer_offsets-3 -> ReplicaAssignment(replicas=0, addingReplicas=, removingReplicas=), __consumer_offsets-18 -> ReplicaAssignment(replicas=0, addingReplicas=, removingReplicas=), __consumer_offsets-15 -> ReplicaAssignment(replicas=0, addingReplicas=, removingReplicas=), __consumer_offsets-24 -> ReplicaAssignment(replicas=0, addingReplicas=, removingReplicas=), __consumer_offsets-17 -> ReplicaAssignment(replicas=0, addingReplicas=, removingReplicas=), __consumer_offsets-48 -> ReplicaAssignment(replicas=0, addingReplicas=, removingReplicas=), __consumer_offsets-19 -> ReplicaAssignment(replicas=0, addingReplicas=, removingReplicas=), __consumer_offsets-11 -> ReplicaAssignment(replicas=0, addingReplicas=, removingReplicas=), __consumer_offsets-2 -> ReplicaAssignment(replicas=0, addingReplicas=, removingReplicas=), __consumer_offsets-43 -> ReplicaAssignment(replicas=0, addingReplicas=, removingReplicas=), __consumer_offsets-6 -> ReplicaAssignment(replicas=0, addingReplicas=, removingReplicas=), __consumer_offsets-14 -> ReplicaAssignment(replicas=0, addingReplicas=, removingReplicas=), __consumer_offsets-20 -> ReplicaAssignment(replicas=0, addingReplicas=, removingReplicas=), __consumer_offsets-0 -> ReplicaAssignment(replicas=0, addingReplicas=, removingReplicas=), __consumer_offsets-44 -> ReplicaAssignment(replicas=0, addingReplicas=, removingReplicas=), __consumer_offsets-39 -> ReplicaAssignment(replicas=0, addingReplicas=, removingReplicas=), __consumer_offsets-12 -> ReplicaAssignment(replicas=0, addingReplicas=, removingReplicas=), __consumer_offsets-45 -> ReplicaAssignment(replicas=0, addingReplicas=, removingReplicas=), __consumer_offsets-1 -> ReplicaAssignment(replicas=0, addingReplicas=, removingReplicas=), __consumer_offsets-5 -> ReplicaAssignment(replicas=0, addingReplicas=, removingReplicas=), __consumer_offsets-26 -> ReplicaAssignment(replicas=0, addingReplicas=, removingReplicas=), __consumer_offsets-29 -> ReplicaAssignment(replicas=0, addingReplicas=, removingReplicas=), __consumer_offsets-34 -> ReplicaAssignment(replicas=0, addingReplicas=, removingReplicas=), __consumer_offsets-10 -> ReplicaAssignment(replicas=0, addingReplicas=, removingReplicas=), __consumer_offsets-32 -> ReplicaAssignment(replicas=0, addingReplicas=, removingReplicas=), __consumer_offsets-40 -> ReplicaAssignment(replicas=0, addingReplicas=, removingReplicas=))))] (kafka.controller.KafkaController)
[2024-09-02 19:59:37,595] INFO [Controller id=0] New partition creation callback for __consumer_offsets-22,__consumer_offsets-30,__consumer_offsets-25,__consumer_offsets-35,__consumer_offsets-37,__consumer_offsets-38,__consumer_offsets-13,__consumer_offsets-8,__consumer_offsets-21,__consumer_offsets-4,__consumer_offsets-27,__consumer_offsets-7,__consumer_offsets-9,__consumer_offsets-46,__consumer_offsets-41,__consumer_offsets-33,__consumer_offsets-23,__consumer_offsets-49,__consumer_offsets-47,__consumer_offsets-16,__consumer_offsets-28,__consumer_offsets-31,__consumer_offsets-36,__consumer_offsets-42,__consumer_offsets-3,__consumer_offsets-18,__consumer_offsets-15,__consumer_offsets-24,__consumer_offsets-17,__consumer_offsets-48,__consumer_offsets-19,__consumer_offsets-11,__consumer_offsets-2,__consumer_offsets-43,__consumer_offsets-6,__consumer_offsets-14,__consumer_offsets-20,__consumer_offsets-0,__consumer_offsets-44,__consumer_offsets-39,__consumer_offsets-12,__consumer_offsets-45,__consumer_offsets-1,__consumer_offsets-5,__consumer_offsets-26,__consumer_offsets-29,__consumer_offsets-34,__consumer_offsets-10,__consumer_offsets-32,__consumer_offsets-40 (kafka.controller.KafkaController)
[2024-09-02 20:00:49,102] INFO [Controller id=0] Processing automatic preferred replica leader election (kafka.controller.KafkaController)
[2024-09-02 20:00:49,107] TRACE [Controller id=0] Checking need to trigger auto leader balancing (kafka.controller.KafkaController)
[2024-09-02 20:00:49,112] DEBUG [Controller id=0] Topics not in preferred replica for broker 0 HashMap() (kafka.controller.KafkaController)
[2024-09-02 20:00:49,116] TRACE [Controller id=0] Leader imbalance ratio for broker 0 is 0.0 (kafka.controller.KafkaController)
[2024-09-02 20:05:49,127] INFO [Controller id=0] Processing automatic preferred replica leader election (kafka.controller.KafkaController)
[2024-09-02 20:05:49,127] TRACE [Controller id=0] Checking need to trigger auto leader balancing (kafka.controller.KafkaController)
[2024-09-02 20:05:49,129] DEBUG [Controller id=0] Topics not in preferred replica for broker 0 HashMap() (kafka.controller.KafkaController)
[2024-09-02 20:05:49,129] TRACE [Controller id=0] Leader imbalance ratio for broker 0 is 0.0 (kafka.controller.KafkaController)
[2024-09-02 20:31:25,395] INFO [ControllerEventThread controllerId=0] Starting (kafka.controller.ControllerEventManager$ControllerEventThread)
[2024-09-02 20:31:25,427] INFO [Controller id=0] 0 successfully elected as the controller. Epoch incremented to 1 and epoch zk version is now 1 (kafka.controller.KafkaController)
[2024-09-02 20:31:25,434] INFO [Controller id=0] Creating FeatureZNode at path: /feature with contents: FeatureZNode(2,Enabled,Map()) (kafka.controller.KafkaController)
[2024-09-02 20:31:25,486] INFO [Controller id=0] Registering handlers (kafka.controller.KafkaController)
[2024-09-02 20:31:25,490] INFO [Controller id=0] Deleting log dir event notifications (kafka.controller.KafkaController)
[2024-09-02 20:31:25,495] INFO [Controller id=0] Deleting isr change notifications (kafka.controller.KafkaController)
[2024-09-02 20:31:25,501] INFO [Controller id=0] Initializing controller context (kafka.controller.KafkaController)
[2024-09-02 20:31:25,521] INFO [Controller id=0] Initialized broker epochs cache: HashMap(0 -> 25) (kafka.controller.KafkaController)
[2024-09-02 20:31:25,530] DEBUG [Controller id=0] Register BrokerModifications handler for Set(0) (kafka.controller.KafkaController)
[2024-09-02 20:31:25,548] DEBUG [Channel manager on controller 0]: Controller 0 trying to connect to broker 0 (kafka.controller.ControllerChannelManager)
[2024-09-02 20:31:25,558] INFO [RequestSendThread controllerId=0] Starting (kafka.controller.RequestSendThread)
[2024-09-02 20:31:25,560] INFO [Controller id=0] Currently active brokers in the cluster: Set(0) (kafka.controller.KafkaController)
[2024-09-02 20:31:25,561] INFO [Controller id=0] Currently shutting brokers in the cluster: HashSet() (kafka.controller.KafkaController)
[2024-09-02 20:31:25,561] INFO [Controller id=0] Current list of topics in the cluster: HashSet() (kafka.controller.KafkaController)
[2024-09-02 20:31:25,561] INFO [Controller id=0] Fetching topic deletions in progress (kafka.controller.KafkaController)
[2024-09-02 20:31:25,565] INFO [Controller id=0] List of topics to be deleted:  (kafka.controller.KafkaController)
[2024-09-02 20:31:25,565] INFO [Controller id=0] List of topics ineligible for deletion:  (kafka.controller.KafkaController)
[2024-09-02 20:31:25,565] INFO [Controller id=0] Initializing topic deletion manager (kafka.controller.KafkaController)
[2024-09-02 20:31:25,566] INFO [Topic Deletion Manager 0] Initializing manager with initial deletions: Set(), initial ineligible deletions: HashSet() (kafka.controller.TopicDeletionManager)
[2024-09-02 20:31:25,568] INFO [Controller id=0] Sending update metadata request (kafka.controller.KafkaController)
[2024-09-02 20:31:25,591] INFO [ReplicaStateMachine controllerId=0] Initializing replica state (kafka.controller.ZkReplicaStateMachine)
[2024-09-02 20:31:25,592] INFO [ReplicaStateMachine controllerId=0] Triggering online replica state changes (kafka.controller.ZkReplicaStateMachine)
[2024-09-02 20:31:25,597] INFO [ReplicaStateMachine controllerId=0] Triggering offline replica state changes (kafka.controller.ZkReplicaStateMachine)
[2024-09-02 20:31:25,598] DEBUG [ReplicaStateMachine controllerId=0] Started replica state machine with initial state -> HashMap() (kafka.controller.ZkReplicaStateMachine)
[2024-09-02 20:31:25,598] INFO [PartitionStateMachine controllerId=0] Initializing partition state (kafka.controller.ZkPartitionStateMachine)
[2024-09-02 20:31:25,599] INFO [PartitionStateMachine controllerId=0] Triggering online partition state changes (kafka.controller.ZkPartitionStateMachine)
[2024-09-02 20:31:25,604] DEBUG [PartitionStateMachine controllerId=0] Started partition state machine with initial state -> HashMap() (kafka.controller.ZkPartitionStateMachine)
[2024-09-02 20:31:25,605] INFO [Controller id=0] Ready to serve as the new controller with epoch 1 (kafka.controller.KafkaController)
[2024-09-02 20:31:25,610] WARN [RequestSendThread controllerId=0] Controller 0's connection to broker localhost:9092 (id: 0 rack: null) was unsuccessful (kafka.controller.RequestSendThread)
java.io.IOException: Connection to localhost:9092 (id: 0 rack: null) failed.
	at org.apache.kafka.clients.NetworkClientUtils.awaitReady(NetworkClientUtils.java:71)
	at kafka.controller.RequestSendThread.brokerReady(ControllerChannelManager.scala:299)
	at kafka.controller.RequestSendThread.doWork(ControllerChannelManager.scala:252)
	at org.apache.kafka.server.util.ShutdownableThread.run(ShutdownableThread.java:135)
[2024-09-02 20:31:25,616] INFO [Controller id=0] Partitions undergoing preferred replica election:  (kafka.controller.KafkaController)
[2024-09-02 20:31:25,616] INFO [Controller id=0] Partitions that completed preferred replica election:  (kafka.controller.KafkaController)
[2024-09-02 20:31:25,617] INFO [Controller id=0] Skipping preferred replica election for partitions due to topic deletion:  (kafka.controller.KafkaController)
[2024-09-02 20:31:25,617] INFO [Controller id=0] Resuming preferred replica election for partitions:  (kafka.controller.KafkaController)
[2024-09-02 20:31:25,619] INFO [Controller id=0] Starting replica leader election (PREFERRED) for partitions  triggered by ZkTriggered (kafka.controller.KafkaController)
[2024-09-02 20:31:25,634] INFO [Controller id=0] Starting the controller scheduler (kafka.controller.KafkaController)
[2024-09-02 20:31:25,726] INFO [RequestSendThread controllerId=0] Controller 0 connected to localhost:9092 (id: 0 rack: null) for sending state change requests (kafka.controller.RequestSendThread)
[2024-09-02 20:31:30,643] INFO [Controller id=0] Processing automatic preferred replica leader election (kafka.controller.KafkaController)
[2024-09-02 20:31:30,644] TRACE [Controller id=0] Checking need to trigger auto leader balancing (kafka.controller.KafkaController)
[2024-09-02 20:32:02,810] INFO [Controller id=0] Newly added brokers: 1, deleted brokers: , bounced brokers: , all live brokers: 0,1 (kafka.controller.KafkaController)
[2024-09-02 20:32:02,811] DEBUG [Channel manager on controller 0]: Controller 0 trying to connect to broker 1 (kafka.controller.ControllerChannelManager)
[2024-09-02 20:32:02,817] INFO [RequestSendThread controllerId=0] Starting (kafka.controller.RequestSendThread)
[2024-09-02 20:32:02,817] INFO [Controller id=0] New broker startup callback for 1 (kafka.controller.KafkaController)
[2024-09-02 20:32:02,821] DEBUG [Controller id=0] Register BrokerModifications handler for List(1) (kafka.controller.KafkaController)
[2024-09-02 20:32:02,824] INFO [Controller id=0] Updated broker epochs cache: HashMap(0 -> 25, 1 -> 45) (kafka.controller.KafkaController)
[2024-09-02 20:32:02,825] WARN [RequestSendThread controllerId=0] Controller 0's connection to broker localhost:9093 (id: 1 rack: null) was unsuccessful (kafka.controller.RequestSendThread)
java.io.IOException: Connection to localhost:9093 (id: 1 rack: null) failed.
	at org.apache.kafka.clients.NetworkClientUtils.awaitReady(NetworkClientUtils.java:71)
	at kafka.controller.RequestSendThread.brokerReady(ControllerChannelManager.scala:299)
	at kafka.controller.RequestSendThread.doWork(ControllerChannelManager.scala:252)
	at org.apache.kafka.server.util.ShutdownableThread.run(ShutdownableThread.java:135)
[2024-09-02 20:32:02,847] INFO [ControllerEventThread controllerId=1] Starting (kafka.controller.ControllerEventManager$ControllerEventThread)
[2024-09-02 20:32:02,861] DEBUG [Controller id=1] Broker 0 has been elected as the controller, so stopping the election process. (kafka.controller.KafkaController)
[2024-09-02 20:32:02,946] WARN [RequestSendThread controllerId=0] Controller 0's connection to broker localhost:9093 (id: 1 rack: null) was unsuccessful (kafka.controller.RequestSendThread)
java.io.IOException: Connection to localhost:9093 (id: 1 rack: null) failed.
	at org.apache.kafka.clients.NetworkClientUtils.awaitReady(NetworkClientUtils.java:71)
	at kafka.controller.RequestSendThread.brokerReady(ControllerChannelManager.scala:299)
	at kafka.controller.RequestSendThread.doWork(ControllerChannelManager.scala:252)
	at org.apache.kafka.server.util.ShutdownableThread.run(ShutdownableThread.java:135)
[2024-09-02 20:32:03,053] INFO [RequestSendThread controllerId=0] Controller 0 connected to localhost:9093 (id: 1 rack: null) for sending state change requests (kafka.controller.RequestSendThread)
[2024-09-02 20:32:13,044] INFO [Controller id=0] Newly added brokers: 2, deleted brokers: , bounced brokers: , all live brokers: 0,1,2 (kafka.controller.KafkaController)
[2024-09-02 20:32:13,044] DEBUG [Channel manager on controller 0]: Controller 0 trying to connect to broker 2 (kafka.controller.ControllerChannelManager)
[2024-09-02 20:32:13,051] INFO [RequestSendThread controllerId=0] Starting (kafka.controller.RequestSendThread)
[2024-09-02 20:32:13,051] INFO [Controller id=0] New broker startup callback for 2 (kafka.controller.KafkaController)
[2024-09-02 20:32:13,051] DEBUG [Controller id=0] Register BrokerModifications handler for List(2) (kafka.controller.KafkaController)
[2024-09-02 20:32:13,053] INFO [Controller id=0] Updated broker epochs cache: HashMap(0 -> 25, 1 -> 45, 2 -> 61) (kafka.controller.KafkaController)
[2024-09-02 20:32:13,056] WARN [RequestSendThread controllerId=0] Controller 0's connection to broker localhost:9094 (id: 2 rack: null) was unsuccessful (kafka.controller.RequestSendThread)
java.io.IOException: Connection to localhost:9094 (id: 2 rack: null) failed.
	at org.apache.kafka.clients.NetworkClientUtils.awaitReady(NetworkClientUtils.java:71)
	at kafka.controller.RequestSendThread.brokerReady(ControllerChannelManager.scala:299)
	at kafka.controller.RequestSendThread.doWork(ControllerChannelManager.scala:252)
	at org.apache.kafka.server.util.ShutdownableThread.run(ShutdownableThread.java:135)
[2024-09-02 20:32:13,085] INFO [ControllerEventThread controllerId=2] Starting (kafka.controller.ControllerEventManager$ControllerEventThread)
[2024-09-02 20:32:13,098] DEBUG [Controller id=2] Broker 0 has been elected as the controller, so stopping the election process. (kafka.controller.KafkaController)
[2024-09-02 20:32:13,183] WARN [RequestSendThread controllerId=0] Controller 0's connection to broker localhost:9094 (id: 2 rack: null) was unsuccessful (kafka.controller.RequestSendThread)
java.io.IOException: Connection to localhost:9094 (id: 2 rack: null) failed.
	at org.apache.kafka.clients.NetworkClientUtils.awaitReady(NetworkClientUtils.java:71)
	at kafka.controller.RequestSendThread.brokerReady(ControllerChannelManager.scala:299)
	at kafka.controller.RequestSendThread.doWork(ControllerChannelManager.scala:252)
	at org.apache.kafka.server.util.ShutdownableThread.run(ShutdownableThread.java:135)
[2024-09-02 20:32:13,302] INFO [RequestSendThread controllerId=0] Controller 0 connected to localhost:9094 (id: 2 rack: null) for sending state change requests (kafka.controller.RequestSendThread)
[2024-09-02 20:33:03,809] INFO [Controller id=0] New topics: [Set(test-topic)], deleted topics: [HashSet()], new partition replica assignment [Set(TopicIdReplicaAssignment(test-topic,Some(helxWf7RQd-U71umx16O3g),HashMap(test-topic-4 -> ReplicaAssignment(replicas=0, addingReplicas=, removingReplicas=), test-topic-2 -> ReplicaAssignment(replicas=2, addingReplicas=, removingReplicas=), test-topic-3 -> ReplicaAssignment(replicas=1, addingReplicas=, removingReplicas=), test-topic-1 -> ReplicaAssignment(replicas=0, addingReplicas=, removingReplicas=), test-topic-0 -> ReplicaAssignment(replicas=1, addingReplicas=, removingReplicas=))))] (kafka.controller.KafkaController)
[2024-09-02 20:33:03,811] INFO [Controller id=0] New partition creation callback for test-topic-4,test-topic-2,test-topic-3,test-topic-1,test-topic-0 (kafka.controller.KafkaController)
[2024-09-02 20:34:14,272] INFO [Controller id=0] New topics: [Set(test_cluster-topic)], deleted topics: [HashSet()], new partition replica assignment [Set(TopicIdReplicaAssignment(test_cluster-topic,Some(jZx8BgHSQLam5AUkVaHVgw),HashMap(test_cluster-topic-3 -> ReplicaAssignment(replicas=1, addingReplicas=, removingReplicas=), test_cluster-topic-4 -> ReplicaAssignment(replicas=0, addingReplicas=, removingReplicas=), test_cluster-topic-0 -> ReplicaAssignment(replicas=1, addingReplicas=, removingReplicas=), test_cluster-topic-1 -> ReplicaAssignment(replicas=0, addingReplicas=, removingReplicas=), test_cluster-topic-2 -> ReplicaAssignment(replicas=2, addingReplicas=, removingReplicas=))))] (kafka.controller.KafkaController)
[2024-09-02 20:34:14,272] INFO [Controller id=0] New partition creation callback for test_cluster-topic-3,test_cluster-topic-4,test_cluster-topic-0,test_cluster-topic-1,test_cluster-topic-2 (kafka.controller.KafkaController)
[2024-09-02 20:36:03,991] INFO [ControllerEventThread controllerId=0] Starting (kafka.controller.ControllerEventManager$ControllerEventThread)
[2024-09-02 20:36:04,013] INFO [Controller id=0] 0 successfully elected as the controller. Epoch incremented to 2 and epoch zk version is now 2 (kafka.controller.KafkaController)
[2024-09-02 20:36:04,014] INFO [Controller id=0] Registering handlers (kafka.controller.KafkaController)
[2024-09-02 20:36:04,017] INFO [Controller id=0] Deleting log dir event notifications (kafka.controller.KafkaController)
[2024-09-02 20:36:04,019] INFO [Controller id=0] Deleting isr change notifications (kafka.controller.KafkaController)
[2024-09-02 20:36:04,022] INFO [Controller id=0] Initializing controller context (kafka.controller.KafkaController)
[2024-09-02 20:36:04,041] INFO [Controller id=0] Initialized broker epochs cache: HashMap(0 -> 108) (kafka.controller.KafkaController)
[2024-09-02 20:36:04,055] DEBUG [Controller id=0] Register BrokerModifications handler for Set(0) (kafka.controller.KafkaController)
[2024-09-02 20:36:04,075] DEBUG [Channel manager on controller 0]: Controller 0 trying to connect to broker 0 (kafka.controller.ControllerChannelManager)
[2024-09-02 20:36:04,084] INFO [RequestSendThread controllerId=0] Starting (kafka.controller.RequestSendThread)
[2024-09-02 20:36:04,085] INFO [Controller id=0] Currently active brokers in the cluster: Set(0) (kafka.controller.KafkaController)
[2024-09-02 20:36:04,086] INFO [Controller id=0] Currently shutting brokers in the cluster: HashSet() (kafka.controller.KafkaController)
[2024-09-02 20:36:04,087] INFO [Controller id=0] Current list of topics in the cluster: HashSet(test-topic, test_cluster-topic) (kafka.controller.KafkaController)
[2024-09-02 20:36:04,087] INFO [Controller id=0] Fetching topic deletions in progress (kafka.controller.KafkaController)
[2024-09-02 20:36:04,091] INFO [Controller id=0] List of topics to be deleted:  (kafka.controller.KafkaController)
[2024-09-02 20:36:04,092] INFO [Controller id=0] List of topics ineligible for deletion: test-topic,test_cluster-topic (kafka.controller.KafkaController)
[2024-09-02 20:36:04,092] INFO [Controller id=0] Initializing topic deletion manager (kafka.controller.KafkaController)
[2024-09-02 20:36:04,092] INFO [Topic Deletion Manager 0] Initializing manager with initial deletions: Set(), initial ineligible deletions: HashSet(test-topic, test_cluster-topic) (kafka.controller.TopicDeletionManager)
[2024-09-02 20:36:04,094] INFO [Controller id=0] Sending update metadata request (kafka.controller.KafkaController)
[2024-09-02 20:36:04,108] INFO [ReplicaStateMachine controllerId=0] Initializing replica state (kafka.controller.ZkReplicaStateMachine)
[2024-09-02 20:36:04,115] INFO [ReplicaStateMachine controllerId=0] Triggering online replica state changes (kafka.controller.ZkReplicaStateMachine)
[2024-09-02 20:36:04,125] WARN [RequestSendThread controllerId=0] Controller 0's connection to broker localhost:9092 (id: 0 rack: null) was unsuccessful (kafka.controller.RequestSendThread)
java.io.IOException: Connection to localhost:9092 (id: 0 rack: null) failed.
	at org.apache.kafka.clients.NetworkClientUtils.awaitReady(NetworkClientUtils.java:71)
	at kafka.controller.RequestSendThread.brokerReady(ControllerChannelManager.scala:299)
	at kafka.controller.RequestSendThread.doWork(ControllerChannelManager.scala:252)
	at org.apache.kafka.server.util.ShutdownableThread.run(ShutdownableThread.java:135)
[2024-09-02 20:36:04,143] INFO [ReplicaStateMachine controllerId=0] Triggering offline replica state changes (kafka.controller.ZkReplicaStateMachine)
[2024-09-02 20:36:04,181] DEBUG [ReplicaStateMachine controllerId=0] Started replica state machine with initial state -> HashMap([Topic=test-topic,Partition=0,Replica=1] -> OfflineReplica, [Topic=test_cluster-topic,Partition=4,Replica=0] -> OnlineReplica, [Topic=test_cluster-topic,Partition=2,Replica=2] -> OfflineReplica, [Topic=test_cluster-topic,Partition=3,Replica=1] -> OfflineReplica, [Topic=test-topic,Partition=4,Replica=0] -> OnlineReplica, [Topic=test-topic,Partition=1,Replica=0] -> OnlineReplica, [Topic=test-topic,Partition=2,Replica=2] -> OfflineReplica, [Topic=test-topic,Partition=3,Replica=1] -> OfflineReplica, [Topic=test_cluster-topic,Partition=0,Replica=1] -> OfflineReplica, [Topic=test_cluster-topic,Partition=1,Replica=0] -> OnlineReplica) (kafka.controller.ZkReplicaStateMachine)
[2024-09-02 20:36:04,181] INFO [PartitionStateMachine controllerId=0] Initializing partition state (kafka.controller.ZkPartitionStateMachine)
[2024-09-02 20:36:04,184] INFO [PartitionStateMachine controllerId=0] Triggering online partition state changes (kafka.controller.ZkPartitionStateMachine)
[2024-09-02 20:36:04,221] DEBUG [PartitionStateMachine controllerId=0] Started partition state machine with initial state -> HashMap(test_cluster-topic-0 -> OfflinePartition, test-topic-4 -> OnlinePartition, test-topic-2 -> OfflinePartition, test-topic-3 -> OfflinePartition, test-topic-0 -> OfflinePartition, test-topic-1 -> OnlinePartition, test_cluster-topic-4 -> OnlinePartition, test_cluster-topic-3 -> OfflinePartition, test_cluster-topic-2 -> OfflinePartition, test_cluster-topic-1 -> OnlinePartition) (kafka.controller.ZkPartitionStateMachine)
[2024-09-02 20:36:04,222] INFO [Controller id=0] Ready to serve as the new controller with epoch 2 (kafka.controller.KafkaController)
[2024-09-02 20:36:04,229] INFO [Controller id=0] Partitions undergoing preferred replica election:  (kafka.controller.KafkaController)
[2024-09-02 20:36:04,230] INFO [Controller id=0] Partitions that completed preferred replica election:  (kafka.controller.KafkaController)
[2024-09-02 20:36:04,230] INFO [Controller id=0] Skipping preferred replica election for partitions due to topic deletion:  (kafka.controller.KafkaController)
[2024-09-02 20:36:04,230] INFO [Controller id=0] Resuming preferred replica election for partitions:  (kafka.controller.KafkaController)
[2024-09-02 20:36:04,231] INFO [Controller id=0] Starting replica leader election (PREFERRED) for partitions  triggered by ZkTriggered (kafka.controller.KafkaController)
[2024-09-02 20:36:04,241] INFO [Controller id=0] Starting the controller scheduler (kafka.controller.KafkaController)
[2024-09-02 20:36:04,245] INFO [RequestSendThread controllerId=0] Controller 0 connected to localhost:9092 (id: 0 rack: null) for sending state change requests (kafka.controller.RequestSendThread)
[2024-09-02 20:36:09,248] INFO [Controller id=0] Processing automatic preferred replica leader election (kafka.controller.KafkaController)
[2024-09-02 20:36:09,249] TRACE [Controller id=0] Checking need to trigger auto leader balancing (kafka.controller.KafkaController)
[2024-09-02 20:36:09,251] DEBUG [Controller id=0] Topics not in preferred replica for broker 0 HashMap() (kafka.controller.KafkaController)
[2024-09-02 20:36:09,252] TRACE [Controller id=0] Leader imbalance ratio for broker 0 is 0.0 (kafka.controller.KafkaController)
[2024-09-02 20:36:09,252] DEBUG [Controller id=0] Topics not in preferred replica for broker 1 HashMap(test_cluster-topic-3 -> List(1), test-topic-0 -> List(1), test_cluster-topic-0 -> List(1), test-topic-3 -> List(1)) (kafka.controller.KafkaController)
[2024-09-02 20:36:09,252] TRACE [Controller id=0] Leader imbalance ratio for broker 1 is 1.0 (kafka.controller.KafkaController)
[2024-09-02 20:36:09,254] INFO [Controller id=0] Starting replica leader election (PREFERRED) for partitions  triggered by AutoTriggered (kafka.controller.KafkaController)
[2024-09-02 20:36:09,254] DEBUG [Controller id=0] Topics not in preferred replica for broker 2 HashMap(test-topic-2 -> List(2), test_cluster-topic-2 -> List(2)) (kafka.controller.KafkaController)
[2024-09-02 20:36:09,254] TRACE [Controller id=0] Leader imbalance ratio for broker 2 is 1.0 (kafka.controller.KafkaController)
[2024-09-02 20:36:09,254] INFO [Controller id=0] Starting replica leader election (PREFERRED) for partitions  triggered by AutoTriggered (kafka.controller.KafkaController)
[2024-09-02 20:36:13,294] INFO [Controller id=0] Newly added brokers: 1, deleted brokers: , bounced brokers: , all live brokers: 0,1 (kafka.controller.KafkaController)
[2024-09-02 20:36:13,294] DEBUG [Channel manager on controller 0]: Controller 0 trying to connect to broker 1 (kafka.controller.ControllerChannelManager)
[2024-09-02 20:36:13,301] INFO [RequestSendThread controllerId=0] Starting (kafka.controller.RequestSendThread)
[2024-09-02 20:36:13,302] INFO [Controller id=0] New broker startup callback for 1 (kafka.controller.KafkaController)
[2024-09-02 20:36:13,313] WARN [RequestSendThread controllerId=0] Controller 0's connection to broker localhost:9093 (id: 1 rack: null) was unsuccessful (kafka.controller.RequestSendThread)
java.io.IOException: Connection to localhost:9093 (id: 1 rack: null) failed.
	at org.apache.kafka.clients.NetworkClientUtils.awaitReady(NetworkClientUtils.java:71)
	at kafka.controller.RequestSendThread.brokerReady(ControllerChannelManager.scala:299)
	at kafka.controller.RequestSendThread.doWork(ControllerChannelManager.scala:252)
	at org.apache.kafka.server.util.ShutdownableThread.run(ShutdownableThread.java:135)
[2024-09-02 20:36:13,332] DEBUG [Controller id=0] Register BrokerModifications handler for List(1) (kafka.controller.KafkaController)
[2024-09-02 20:36:13,339] INFO [Controller id=0] Updated broker epochs cache: HashMap(0 -> 108, 1 -> 132) (kafka.controller.KafkaController)
[2024-09-02 20:36:13,352] INFO [ControllerEventThread controllerId=1] Starting (kafka.controller.ControllerEventManager$ControllerEventThread)
[2024-09-02 20:36:13,372] DEBUG [Controller id=1] Broker 0 has been elected as the controller, so stopping the election process. (kafka.controller.KafkaController)
[2024-09-02 20:36:13,462] WARN [RequestSendThread controllerId=0] Controller 0's connection to broker localhost:9093 (id: 1 rack: null) was unsuccessful (kafka.controller.RequestSendThread)
java.io.IOException: Connection to localhost:9093 (id: 1 rack: null) failed.
	at org.apache.kafka.clients.NetworkClientUtils.awaitReady(NetworkClientUtils.java:71)
	at kafka.controller.RequestSendThread.brokerReady(ControllerChannelManager.scala:299)
	at kafka.controller.RequestSendThread.doWork(ControllerChannelManager.scala:252)
	at org.apache.kafka.server.util.ShutdownableThread.run(ShutdownableThread.java:135)
[2024-09-02 20:36:13,584] INFO [RequestSendThread controllerId=0] Controller 0 connected to localhost:9093 (id: 1 rack: null) for sending state change requests (kafka.controller.RequestSendThread)
[2024-09-02 20:36:18,826] INFO [Controller id=0] Newly added brokers: 2, deleted brokers: , bounced brokers: , all live brokers: 0,1,2 (kafka.controller.KafkaController)
[2024-09-02 20:36:18,826] DEBUG [Channel manager on controller 0]: Controller 0 trying to connect to broker 2 (kafka.controller.ControllerChannelManager)
[2024-09-02 20:36:18,832] INFO [RequestSendThread controllerId=0] Starting (kafka.controller.RequestSendThread)
[2024-09-02 20:36:18,832] INFO [Controller id=0] New broker startup callback for 2 (kafka.controller.KafkaController)
[2024-09-02 20:36:18,841] WARN [RequestSendThread controllerId=0] Controller 0's connection to broker localhost:9094 (id: 2 rack: null) was unsuccessful (kafka.controller.RequestSendThread)
java.io.IOException: Connection to localhost:9094 (id: 2 rack: null) failed.
	at org.apache.kafka.clients.NetworkClientUtils.awaitReady(NetworkClientUtils.java:71)
	at kafka.controller.RequestSendThread.brokerReady(ControllerChannelManager.scala:299)
	at kafka.controller.RequestSendThread.doWork(ControllerChannelManager.scala:252)
	at org.apache.kafka.server.util.ShutdownableThread.run(ShutdownableThread.java:135)
[2024-09-02 20:36:18,845] DEBUG [Controller id=0] Register BrokerModifications handler for List(2) (kafka.controller.KafkaController)
[2024-09-02 20:36:18,848] INFO [Controller id=0] Updated broker epochs cache: HashMap(0 -> 108, 1 -> 132, 2 -> 152) (kafka.controller.KafkaController)
[2024-09-02 20:36:18,872] INFO [ControllerEventThread controllerId=2] Starting (kafka.controller.ControllerEventManager$ControllerEventThread)
[2024-09-02 20:36:18,886] DEBUG [Controller id=2] Broker 0 has been elected as the controller, so stopping the election process. (kafka.controller.KafkaController)
[2024-09-02 20:36:18,967] WARN [RequestSendThread controllerId=0] Controller 0's connection to broker localhost:9094 (id: 2 rack: null) was unsuccessful (kafka.controller.RequestSendThread)
java.io.IOException: Connection to localhost:9094 (id: 2 rack: null) failed.
	at org.apache.kafka.clients.NetworkClientUtils.awaitReady(NetworkClientUtils.java:71)
	at kafka.controller.RequestSendThread.brokerReady(ControllerChannelManager.scala:299)
	at kafka.controller.RequestSendThread.doWork(ControllerChannelManager.scala:252)
	at org.apache.kafka.server.util.ShutdownableThread.run(ShutdownableThread.java:135)
[2024-09-02 20:36:19,071] INFO [RequestSendThread controllerId=0] Controller 0 connected to localhost:9094 (id: 2 rack: null) for sending state change requests (kafka.controller.RequestSendThread)
[2024-09-02 20:36:40,512] INFO [Controller id=0] New topics: [Set(test-cluster-topic)], deleted topics: [HashSet()], new partition replica assignment [Set(TopicIdReplicaAssignment(test-cluster-topic,Some(LMGZ8sY-TkCrH-CvIqXTDQ),HashMap(test-cluster-topic-4 -> ReplicaAssignment(replicas=0, addingReplicas=, removingReplicas=), test-cluster-topic-2 -> ReplicaAssignment(replicas=2, addingReplicas=, removingReplicas=), test-cluster-topic-3 -> ReplicaAssignment(replicas=1, addingReplicas=, removingReplicas=), test-cluster-topic-1 -> ReplicaAssignment(replicas=0, addingReplicas=, removingReplicas=), test-cluster-topic-0 -> ReplicaAssignment(replicas=1, addingReplicas=, removingReplicas=))))] (kafka.controller.KafkaController)
[2024-09-02 20:36:40,514] INFO [Controller id=0] New partition creation callback for test-cluster-topic-4,test-cluster-topic-2,test-cluster-topic-3,test-cluster-topic-1,test-cluster-topic-0 (kafka.controller.KafkaController)
